This file contains any messages produced by compilers while
running configure, to aid debugging if configure makes a mistake.

It was created by Ginn configure 0.2.6, which was
generated by GNU Autoconf 2.69.  Invocation command line was

  $ ./configure 

## --------- ##
## Platform. ##
## --------- ##

hostname = VISWS
uname -m = x86_64
uname -r = 4.2.0-1-amd64
uname -s = Linux
uname -v = #1 SMP Debian 4.2.6-3 (2015-12-06)

/usr/bin/uname -p = unknown
/bin/uname -X     = unknown

/bin/arch              = unknown
/usr/bin/arch -k       = unknown
/usr/convex/getsysinfo = unknown
/usr/bin/hostinfo      = unknown
/bin/machine           = unknown
/usr/bin/oslevel       = unknown
/bin/universe          = unknown

PATH: /usr/local/sbin
PATH: /usr/local/bin
PATH: /usr/sbin
PATH: /usr/bin
PATH: /sbin
PATH: /bin


## ----------- ##
## Core tests. ##
## ----------- ##

configure:2200: checking for a BSD-compatible install
configure:2268: result: /usr/bin/install -c
configure:2279: checking whether build environment is sane
configure:2329: result: yes
configure:2470: checking for a thread-safe mkdir -p
configure:2509: result: /bin/mkdir -p
configure:2522: checking for gawk
configure:2538: found /usr/bin/gawk
configure:2549: result: gawk
configure:2560: checking whether make sets $(MAKE)
configure:2582: result: yes
configure:2663: checking whether to enable maintainer-specific portions of Makefiles
configure:2672: result: no
configure:2719: checking build system type
configure:2733: result: x86_64-unknown-linux-gnu
configure:2753: checking host system type
configure:2766: result: x86_64-unknown-linux-gnu
configure:2807: checking how to print strings
configure:2834: result: printf
configure:2867: checking for style of include used by make
configure:2895: result: GNU
configure:2966: checking for gcc
configure:2982: found /usr/bin/gcc
configure:2993: result: gcc
configure:3222: checking for C compiler version
configure:3231: gcc --version >&5
gcc (Debian 5.3.1-3) 5.3.1 20151207
Copyright (C) 2015 Free Software Foundation, Inc.
This is free software; see the source for copying conditions.  There is NO
warranty; not even for MERCHANTABILITY or FITNESS FOR A PARTICULAR PURPOSE.

configure:3242: $? = 0
configure:3231: gcc -v >&5
Using built-in specs.
COLLECT_GCC=gcc
COLLECT_LTO_WRAPPER=/usr/lib/gcc/x86_64-linux-gnu/5/lto-wrapper
Target: x86_64-linux-gnu
Configured with: ../src/configure -v --with-pkgversion='Debian 5.3.1-3' --with-bugurl=file:///usr/share/doc/gcc-5/README.Bugs --enable-languages=c,ada,c++,java,go,d,fortran,objc,obj-c++ --prefix=/usr --program-suffix=-5 --enable-shared --enable-linker-build-id --libexecdir=/usr/lib --without-included-gettext --enable-threads=posix --libdir=/usr/lib --enable-nls --with-sysroot=/ --enable-clocale=gnu --enable-libstdcxx-debug --enable-libstdcxx-time=yes --with-default-libstdcxx-abi=new --enable-gnu-unique-object --disable-vtable-verify --enable-libmpx --enable-plugin --with-system-zlib --disable-browser-plugin --enable-java-awt=gtk --enable-gtk-cairo --with-java-home=/usr/lib/jvm/java-1.5.0-gcj-5-amd64/jre --enable-java-home --with-jvm-root-dir=/usr/lib/jvm/java-1.5.0-gcj-5-amd64 --with-jvm-jar-dir=/usr/lib/jvm-exports/java-1.5.0-gcj-5-amd64 --with-arch-directory=amd64 --with-ecj-jar=/usr/share/java/eclipse-ecj.jar --enable-objc-gc --enable-multiarch --with-arch-32=i586 --with-abi=m64 --with-multilib-list=m32,m64,mx32 --enable-multilib --with-tune=generic --enable-checking=release --build=x86_64-linux-gnu --host=x86_64-linux-gnu --target=x86_64-linux-gnu
Thread model: posix
gcc version 5.3.1 20151207 (Debian 5.3.1-3) 
configure:3242: $? = 0
configure:3231: gcc -V >&5
gcc: error: unrecognized command line option '-V'
gcc: fatal error: no input files
compilation terminated.
configure:3242: $? = 1
configure:3231: gcc -qversion >&5
gcc: error: unrecognized command line option '-qversion'
gcc: fatal error: no input files
compilation terminated.
configure:3242: $? = 1
configure:3262: checking whether the C compiler works
configure:3284: gcc    conftest.c  >&5
configure:3288: $? = 0
configure:3336: result: yes
configure:3339: checking for C compiler default output file name
configure:3341: result: a.out
configure:3347: checking for suffix of executables
configure:3354: gcc -o conftest    conftest.c  >&5
configure:3358: $? = 0
configure:3380: result: 
configure:3402: checking whether we are cross compiling
configure:3410: gcc -o conftest    conftest.c  >&5
configure:3414: $? = 0
configure:3421: ./conftest
configure:3425: $? = 0
configure:3440: result: no
configure:3445: checking for suffix of object files
configure:3467: gcc -c   conftest.c >&5
configure:3471: $? = 0
configure:3492: result: o
configure:3496: checking whether we are using the GNU C compiler
configure:3515: gcc -c   conftest.c >&5
configure:3515: $? = 0
configure:3524: result: yes
configure:3533: checking whether gcc accepts -g
configure:3553: gcc -c -g  conftest.c >&5
configure:3553: $? = 0
configure:3594: result: yes
configure:3611: checking for gcc option to accept ISO C89
configure:3674: gcc  -c -g -O2  conftest.c >&5
configure:3674: $? = 0
configure:3687: result: none needed
configure:3709: checking dependency style of gcc
configure:3820: result: gcc3
configure:3835: checking for a sed that does not truncate output
configure:3899: result: /bin/sed
configure:3917: checking for grep that handles long lines and -e
configure:3975: result: /bin/grep
configure:3980: checking for egrep
configure:4042: result: /bin/grep -E
configure:4047: checking for fgrep
configure:4109: result: /bin/grep -F
configure:4144: checking for ld used by gcc
configure:4211: result: /usr/bin/ld
configure:4218: checking if the linker (/usr/bin/ld) is GNU ld
configure:4233: result: yes
configure:4245: checking for BSD- or MS-compatible name lister (nm)
configure:4294: result: /usr/bin/nm -B
configure:4424: checking the name lister (/usr/bin/nm -B) interface
configure:4431: gcc -c -g -O2  conftest.c >&5
configure:4434: /usr/bin/nm -B "conftest.o"
configure:4437: output
0000000000000000 B some_variable
configure:4444: result: BSD nm
configure:4447: checking whether ln -s works
configure:4451: result: yes
configure:4459: checking the maximum length of command line arguments
configure:4589: result: 1572864
configure:4606: checking whether the shell understands some XSI constructs
configure:4616: result: yes
configure:4620: checking whether the shell understands "+="
configure:4626: result: yes
configure:4661: checking how to convert x86_64-unknown-linux-gnu file names to x86_64-unknown-linux-gnu format
configure:4701: result: func_convert_file_noop
configure:4708: checking how to convert x86_64-unknown-linux-gnu file names to toolchain format
configure:4728: result: func_convert_file_noop
configure:4735: checking for /usr/bin/ld option to reload object files
configure:4742: result: -r
configure:4816: checking for objdump
configure:4832: found /usr/bin/objdump
configure:4843: result: objdump
configure:4875: checking how to recognize dependent libraries
configure:5077: result: pass_all
configure:5162: checking for dlltool
configure:5192: result: no
configure:5222: checking how to associate runtime and link libraries
configure:5249: result: printf %s\n
configure:5310: checking for ar
configure:5326: found /usr/bin/ar
configure:5337: result: ar
configure:5374: checking for archiver @FILE support
configure:5391: gcc -c -g -O2  conftest.c >&5
configure:5391: $? = 0
configure:5394: ar cru libconftest.a @conftest.lst >&5
ar: `u' modifier ignored since `D' is the default (see `U')
configure:5397: $? = 0
configure:5402: ar cru libconftest.a @conftest.lst >&5
ar: `u' modifier ignored since `D' is the default (see `U')
ar: conftest.o: No such file or directory
configure:5405: $? = 1
configure:5417: result: @
configure:5475: checking for strip
configure:5491: found /usr/bin/strip
configure:5502: result: strip
configure:5574: checking for ranlib
configure:5590: found /usr/bin/ranlib
configure:5601: result: ranlib
configure:5703: checking command to parse /usr/bin/nm -B output from gcc object
configure:5823: gcc -c -g -O2  conftest.c >&5
configure:5826: $? = 0
configure:5830: /usr/bin/nm -B conftest.o \| sed -n -e 's/^.*[ ]\([ABCDGIRSTW][ABCDGIRSTW]*\)[ ][ ]*\([_A-Za-z][_A-Za-z0-9]*\)$/\1 \2 \2/p' | sed '/ __gnu_lto/d' \> conftest.nm
configure:5833: $? = 0
configure:5899: gcc -o conftest -g -O2   conftest.c conftstm.o >&5
configure:5902: $? = 0
configure:5940: result: ok
configure:5977: checking for sysroot
configure:6007: result: no
configure:6084: gcc -c -g -O2  conftest.c >&5
configure:6087: $? = 0
configure:6263: checking for mt
configure:6279: found /bin/mt
configure:6290: result: mt
configure:6313: checking if mt is a manifest tool
configure:6319: mt '-?'
configure:6327: result: no
configure:6969: checking how to run the C preprocessor
configure:7000: gcc -E  conftest.c
configure:7000: $? = 0
configure:7014: gcc -E  conftest.c
conftest.c:11:28: fatal error: ac_nonexistent.h: No such file or directory
compilation terminated.
configure:7014: $? = 1
configure: failed program was:
| /* confdefs.h */
| #define PACKAGE_NAME "Ginn"
| #define PACKAGE_TARNAME "ginn"
| #define PACKAGE_VERSION "0.2.6"
| #define PACKAGE_STRING "Ginn 0.2.6"
| #define PACKAGE_BUGREPORT ""
| #define PACKAGE_URL ""
| #define PACKAGE "ginn"
| #define VERSION "0.2.6"
| /* end confdefs.h.  */
| #include <ac_nonexistent.h>
configure:7039: result: gcc -E
configure:7059: gcc -E  conftest.c
configure:7059: $? = 0
configure:7073: gcc -E  conftest.c
conftest.c:11:28: fatal error: ac_nonexistent.h: No such file or directory
compilation terminated.
configure:7073: $? = 1
configure: failed program was:
| /* confdefs.h */
| #define PACKAGE_NAME "Ginn"
| #define PACKAGE_TARNAME "ginn"
| #define PACKAGE_VERSION "0.2.6"
| #define PACKAGE_STRING "Ginn 0.2.6"
| #define PACKAGE_BUGREPORT ""
| #define PACKAGE_URL ""
| #define PACKAGE "ginn"
| #define VERSION "0.2.6"
| /* end confdefs.h.  */
| #include <ac_nonexistent.h>
configure:7102: checking for ANSI C header files
configure:7122: gcc -c -g -O2  conftest.c >&5
configure:7122: $? = 0
configure:7195: gcc -o conftest -g -O2   conftest.c  >&5
configure:7195: $? = 0
configure:7195: ./conftest
configure:7195: $? = 0
configure:7206: result: yes
configure:7219: checking for sys/types.h
configure:7219: gcc -c -g -O2  conftest.c >&5
configure:7219: $? = 0
configure:7219: result: yes
configure:7219: checking for sys/stat.h
configure:7219: gcc -c -g -O2  conftest.c >&5
configure:7219: $? = 0
configure:7219: result: yes
configure:7219: checking for stdlib.h
configure:7219: gcc -c -g -O2  conftest.c >&5
configure:7219: $? = 0
configure:7219: result: yes
configure:7219: checking for string.h
configure:7219: gcc -c -g -O2  conftest.c >&5
configure:7219: $? = 0
configure:7219: result: yes
configure:7219: checking for memory.h
configure:7219: gcc -c -g -O2  conftest.c >&5
configure:7219: $? = 0
configure:7219: result: yes
configure:7219: checking for strings.h
configure:7219: gcc -c -g -O2  conftest.c >&5
configure:7219: $? = 0
configure:7219: result: yes
configure:7219: checking for inttypes.h
configure:7219: gcc -c -g -O2  conftest.c >&5
configure:7219: $? = 0
configure:7219: result: yes
configure:7219: checking for stdint.h
configure:7219: gcc -c -g -O2  conftest.c >&5
configure:7219: $? = 0
configure:7219: result: yes
configure:7219: checking for unistd.h
configure:7219: gcc -c -g -O2  conftest.c >&5
configure:7219: $? = 0
configure:7219: result: yes
configure:7233: checking for dlfcn.h
configure:7233: gcc -c -g -O2  conftest.c >&5
configure:7233: $? = 0
configure:7233: result: yes
configure:7439: checking for objdir
configure:7454: result: .libs
configure:7721: checking if gcc supports -fno-rtti -fno-exceptions
configure:7739: gcc -c -g -O2  -fno-rtti -fno-exceptions conftest.c >&5
cc1: warning: command line option '-fno-rtti' is valid for C++/ObjC++ but not for C
configure:7743: $? = 0
configure:7756: result: no
configure:8083: checking for gcc option to produce PIC
configure:8090: result: -fPIC -DPIC
configure:8098: checking if gcc PIC flag -fPIC -DPIC works
configure:8116: gcc -c -g -O2  -fPIC -DPIC -DPIC conftest.c >&5
configure:8120: $? = 0
configure:8133: result: yes
configure:8162: checking if gcc static flag -static works
configure:8190: result: yes
configure:8205: checking if gcc supports -c -o file.o
configure:8226: gcc -c -g -O2  -o out/conftest2.o conftest.c >&5
configure:8230: $? = 0
configure:8252: result: yes
configure:8260: checking if gcc supports -c -o file.o
configure:8307: result: yes
configure:8340: checking whether the gcc linker (/usr/bin/ld -m elf_x86_64) supports shared libraries
configure:9497: result: yes
configure:9534: checking whether -lc should be explicitly linked in
configure:9542: gcc -c -g -O2  conftest.c >&5
configure:9545: $? = 0
configure:9560: gcc -shared  -fPIC -DPIC conftest.o  -v -Wl,-soname -Wl,conftest -o conftest 2\>\&1 \| /bin/grep  -lc  \>/dev/null 2\>\&1
configure:9563: $? = 0
configure:9577: result: no
configure:9737: checking dynamic linker characteristics
configure:10248: gcc -o conftest -g -O2   -Wl,-rpath -Wl,/foo conftest.c  >&5
configure:10248: $? = 0
configure:10482: result: GNU/Linux ld.so
configure:10589: checking how to hardcode library paths into programs
configure:10614: result: immediate
configure:11154: checking whether stripping libraries is possible
configure:11159: result: yes
configure:11194: checking if libtool supports shared libraries
configure:11196: result: yes
configure:11199: checking whether to build shared libraries
configure:11220: result: yes
configure:11223: checking whether to build static libraries
configure:11227: result: yes
configure:11314: checking for gcc
configure:11341: result: gcc
configure:11570: checking for C compiler version
configure:11579: gcc --version >&5
gcc (Debian 5.3.1-3) 5.3.1 20151207
Copyright (C) 2015 Free Software Foundation, Inc.
This is free software; see the source for copying conditions.  There is NO
warranty; not even for MERCHANTABILITY or FITNESS FOR A PARTICULAR PURPOSE.

configure:11590: $? = 0
configure:11579: gcc -v >&5
Using built-in specs.
COLLECT_GCC=gcc
COLLECT_LTO_WRAPPER=/usr/lib/gcc/x86_64-linux-gnu/5/lto-wrapper
Target: x86_64-linux-gnu
Configured with: ../src/configure -v --with-pkgversion='Debian 5.3.1-3' --with-bugurl=file:///usr/share/doc/gcc-5/README.Bugs --enable-languages=c,ada,c++,java,go,d,fortran,objc,obj-c++ --prefix=/usr --program-suffix=-5 --enable-shared --enable-linker-build-id --libexecdir=/usr/lib --without-included-gettext --enable-threads=posix --libdir=/usr/lib --enable-nls --with-sysroot=/ --enable-clocale=gnu --enable-libstdcxx-debug --enable-libstdcxx-time=yes --with-default-libstdcxx-abi=new --enable-gnu-unique-object --disable-vtable-verify --enable-libmpx --enable-plugin --with-system-zlib --disable-browser-plugin --enable-java-awt=gtk --enable-gtk-cairo --with-java-home=/usr/lib/jvm/java-1.5.0-gcj-5-amd64/jre --enable-java-home --with-jvm-root-dir=/usr/lib/jvm/java-1.5.0-gcj-5-amd64 --with-jvm-jar-dir=/usr/lib/jvm-exports/java-1.5.0-gcj-5-amd64 --with-arch-directory=amd64 --with-ecj-jar=/usr/share/java/eclipse-ecj.jar --enable-objc-gc --enable-multiarch --with-arch-32=i586 --with-abi=m64 --with-multilib-list=m32,m64,mx32 --enable-multilib --with-tune=generic --enable-checking=release --build=x86_64-linux-gnu --host=x86_64-linux-gnu --target=x86_64-linux-gnu
Thread model: posix
gcc version 5.3.1 20151207 (Debian 5.3.1-3) 
configure:11590: $? = 0
configure:11579: gcc -V >&5
gcc: error: unrecognized command line option '-V'
gcc: fatal error: no input files
compilation terminated.
configure:11590: $? = 1
configure:11579: gcc -qversion >&5
gcc: error: unrecognized command line option '-qversion'
gcc: fatal error: no input files
compilation terminated.
configure:11590: $? = 1
configure:11594: checking whether we are using the GNU C compiler
configure:11622: result: yes
configure:11631: checking whether gcc accepts -g
configure:11692: result: yes
configure:11709: checking for gcc option to accept ISO C89
configure:11785: result: none needed
configure:11807: checking dependency style of gcc
configure:11918: result: gcc3
configure:11989: checking for pkg-config
configure:12007: found /usr/bin/pkg-config
configure:12019: result: /usr/bin/pkg-config
configure:12044: checking pkg-config is at least version 0.9.0
configure:12047: result: yes
configure:12057: checking for GEIS
configure:12064: $PKG_CONFIG --exists --print-errors "libgeis >= 1.0.10"
configure:12067: $? = 0
configure:12081: $PKG_CONFIG --exists --print-errors "libgeis >= 1.0.10"
configure:12084: $? = 0
configure:12142: result: yes
configure:12148: checking for X11
configure:12155: $PKG_CONFIG --exists --print-errors "x11 >= 1.3.3"
configure:12158: $? = 0
configure:12172: $PKG_CONFIG --exists --print-errors "x11 >= 1.3.3"
configure:12175: $? = 0
configure:12233: result: yes
configure:12239: checking for XML2
configure:12246: $PKG_CONFIG --exists --print-errors "libxml-2.0 >= 2.7.7"
configure:12249: $? = 0
configure:12263: $PKG_CONFIG --exists --print-errors "libxml-2.0 >= 2.7.7"
configure:12266: $? = 0
configure:12324: result: yes
configure:12330: checking for XTST
configure:12337: $PKG_CONFIG --exists --print-errors "xtst >= 1.1.0"
configure:12340: $? = 0
configure:12354: $PKG_CONFIG --exists --print-errors "xtst >= 1.1.0"
configure:12357: $? = 0
configure:12415: result: yes
configure:12421: checking for BAMF
configure:12428: $PKG_CONFIG --exists --print-errors "libbamf >= 0.2.53"
configure:12431: $? = 0
configure:12445: $PKG_CONFIG --exists --print-errors "libbamf >= 0.2.53"
configure:12448: $? = 0
configure:12506: result: yes
configure:12651: creating ./config.status

## ---------------------- ##
## Running config.status. ##
## ---------------------- ##

This file was extended by Ginn config.status 0.2.6, which was
generated by GNU Autoconf 2.69.  Invocation command line was

  CONFIG_FILES    = 
  CONFIG_HEADERS  = 
  CONFIG_LINKS    = 
  CONFIG_COMMANDS = 
  $ ./config.status 

on VISWS

config.status:1101: creating Makefile
config.status:1101: creating src/Makefile
config.status:1101: creating etc/Makefile
config.status:1101: creating ginn.pc
config.status:1101: creating config.h
config.status:1330: executing depfiles commands
config.status:1330: executing libtool commands

## ---------------- ##
## Cache variables. ##
## ---------------- ##

ac_cv_build=x86_64-unknown-linux-gnu
ac_cv_c_compiler_gnu=yes
ac_cv_env_BAMF_CFLAGS_set=
ac_cv_env_BAMF_CFLAGS_value=
ac_cv_env_BAMF_LIBS_set=
ac_cv_env_BAMF_LIBS_value=
ac_cv_env_CC_set=
ac_cv_env_CC_value=
ac_cv_env_CFLAGS_set=
ac_cv_env_CFLAGS_value=
ac_cv_env_CPPFLAGS_set=
ac_cv_env_CPPFLAGS_value=
ac_cv_env_CPP_set=
ac_cv_env_CPP_value=
ac_cv_env_GEIS_CFLAGS_set=
ac_cv_env_GEIS_CFLAGS_value=
ac_cv_env_GEIS_LIBS_set=
ac_cv_env_GEIS_LIBS_value=
ac_cv_env_LDFLAGS_set=
ac_cv_env_LDFLAGS_value=
ac_cv_env_LIBS_set=
ac_cv_env_LIBS_value=
ac_cv_env_PKG_CONFIG_LIBDIR_set=
ac_cv_env_PKG_CONFIG_LIBDIR_value=
ac_cv_env_PKG_CONFIG_PATH_set=
ac_cv_env_PKG_CONFIG_PATH_value=
ac_cv_env_PKG_CONFIG_set=
ac_cv_env_PKG_CONFIG_value=
ac_cv_env_X11_CFLAGS_set=
ac_cv_env_X11_CFLAGS_value=
ac_cv_env_X11_LIBS_set=
ac_cv_env_X11_LIBS_value=
ac_cv_env_XML2_CFLAGS_set=
ac_cv_env_XML2_CFLAGS_value=
ac_cv_env_XML2_LIBS_set=
ac_cv_env_XML2_LIBS_value=
ac_cv_env_XTST_CFLAGS_set=
ac_cv_env_XTST_CFLAGS_value=
ac_cv_env_XTST_LIBS_set=
ac_cv_env_XTST_LIBS_value=
ac_cv_env_build_alias_set=
ac_cv_env_build_alias_value=
ac_cv_env_host_alias_set=
ac_cv_env_host_alias_value=
ac_cv_env_target_alias_set=
ac_cv_env_target_alias_value=
ac_cv_header_dlfcn_h=yes
ac_cv_header_inttypes_h=yes
ac_cv_header_memory_h=yes
ac_cv_header_stdc=yes
ac_cv_header_stdint_h=yes
ac_cv_header_stdlib_h=yes
ac_cv_header_string_h=yes
ac_cv_header_strings_h=yes
ac_cv_header_sys_stat_h=yes
ac_cv_header_sys_types_h=yes
ac_cv_header_unistd_h=yes
ac_cv_host=x86_64-unknown-linux-gnu
ac_cv_objext=o
ac_cv_path_EGREP='/bin/grep -E'
ac_cv_path_FGREP='/bin/grep -F'
ac_cv_path_GREP=/bin/grep
ac_cv_path_SED=/bin/sed
ac_cv_path_ac_pt_PKG_CONFIG=/usr/bin/pkg-config
ac_cv_path_install='/usr/bin/install -c'
ac_cv_path_mkdir=/bin/mkdir
ac_cv_prog_AWK=gawk
ac_cv_prog_CPP='gcc -E'
ac_cv_prog_ac_ct_AR=ar
ac_cv_prog_ac_ct_CC=gcc
ac_cv_prog_ac_ct_MANIFEST_TOOL=mt
ac_cv_prog_ac_ct_OBJDUMP=objdump
ac_cv_prog_ac_ct_RANLIB=ranlib
ac_cv_prog_ac_ct_STRIP=strip
ac_cv_prog_cc_c89=
ac_cv_prog_cc_g=yes
ac_cv_prog_make_make_set=yes
am_cv_CC_dependencies_compiler_type=gcc3
lt_cv_ar_at_file=@
lt_cv_archive_cmds_need_lc=no
lt_cv_deplibs_check_method=pass_all
lt_cv_file_magic_cmd='$MAGIC_CMD'
lt_cv_file_magic_test_file=
lt_cv_ld_reload_flag=-r
lt_cv_nm_interface='BSD nm'
lt_cv_objdir=.libs
lt_cv_path_LD=/usr/bin/ld
lt_cv_path_NM='/usr/bin/nm -B'
lt_cv_path_mainfest_tool=no
lt_cv_prog_compiler_c_o=yes
lt_cv_prog_compiler_pic='-fPIC -DPIC'
lt_cv_prog_compiler_pic_works=yes
lt_cv_prog_compiler_rtti_exceptions=no
lt_cv_prog_compiler_static_works=yes
lt_cv_prog_gnu_ld=yes
lt_cv_sharedlib_from_linklib_cmd='printf %s\n'
lt_cv_shlibpath_overrides_runpath=no
lt_cv_sys_global_symbol_pipe='sed -n -e '\''s/^.*[	 ]\([ABCDGIRSTW][ABCDGIRSTW]*\)[	 ][	 ]*\([_A-Za-z][_A-Za-z0-9]*\)$/\1 \2 \2/p'\'' | sed '\''/ __gnu_lto/d'\'''
lt_cv_sys_global_symbol_to_c_name_address='sed -n -e '\''s/^: \([^ ]*\)[ ]*$/  {\"\1\", (void *) 0},/p'\'' -e '\''s/^[ABCDGIRSTW]* \([^ ]*\) \([^ ]*\)$/  {"\2", (void *) \&\2},/p'\'''
lt_cv_sys_global_symbol_to_c_name_address_lib_prefix='sed -n -e '\''s/^: \([^ ]*\)[ ]*$/  {\"\1\", (void *) 0},/p'\'' -e '\''s/^[ABCDGIRSTW]* \([^ ]*\) \(lib[^ ]*\)$/  {"\2", (void *) \&\2},/p'\'' -e '\''s/^[ABCDGIRSTW]* \([^ ]*\) \([^ ]*\)$/  {"lib\2", (void *) \&\2},/p'\'''
lt_cv_sys_global_symbol_to_cdecl='sed -n -e '\''s/^T .* \(.*\)$/extern int \1();/p'\'' -e '\''s/^[ABCDGIRSTW]* .* \(.*\)$/extern char \1;/p'\'''
lt_cv_sys_max_cmd_len=1572864
lt_cv_to_host_file_cmd=func_convert_file_noop
lt_cv_to_tool_file_cmd=func_convert_file_noop
pkg_cv_BAMF_CFLAGS='-DWNCK_I_KNOW_THIS_IS_UNSTABLE -pthread -I/usr/include/libbamf -I/usr/lib/x86_64-linux-gnu/libbamf/include -I/usr/include/startup-notification-1.0 -I/usr/include/gtk-2.0 -I/usr/lib/x86_64-linux-gnu/gtk-2.0/include -I/usr/include/gio-unix-2.0/ -I/usr/include/cairo -I/usr/include/pango-1.0 -I/usr/include/atk-1.0 -I/usr/include/cairo -I/usr/include/pixman-1 -I/usr/include/libpng12 -I/usr/include/gdk-pixbuf-2.0 -I/usr/include/libpng12 -I/usr/include/pango-1.0 -I/usr/include/harfbuzz -I/usr/include/pango-1.0 -I/usr/include/glib-2.0 -I/usr/lib/x86_64-linux-gnu/glib-2.0/include -I/usr/include/freetype2 -I/usr/include/libwnck-1.0'
pkg_cv_BAMF_LIBS='-lbamf -lwnck-1 -lgtk-x11-2.0 -lgdk-x11-2.0 -lpangocairo-1.0 -latk-1.0 -lcairo -lgdk_pixbuf-2.0 -lgio-2.0 -lpangoft2-1.0 -lpango-1.0 -lgobject-2.0 -lglib-2.0 -lfontconfig -lfreetype'
pkg_cv_GEIS_CFLAGS=
pkg_cv_GEIS_LIBS=-lgeis
pkg_cv_X11_CFLAGS=
pkg_cv_X11_LIBS=-lX11
pkg_cv_XML2_CFLAGS=-I/usr/include/libxml2
pkg_cv_XML2_LIBS=-lxml2
pkg_cv_XTST_CFLAGS=
pkg_cv_XTST_LIBS=-lXtst

## ----------------- ##
## Output variables. ##
## ----------------- ##

ACLOCAL='${SHELL} /opt/ginn-0.2.6/config-aux/missing --run aclocal-1.11'
AMDEPBACKSLASH='\'
AMDEP_FALSE='#'
AMDEP_TRUE=''
AMTAR='$${TAR-tar}'
AR='ar'
AUTOCONF='${SHELL} /opt/ginn-0.2.6/config-aux/missing --run autoconf'
AUTOHEADER='${SHELL} /opt/ginn-0.2.6/config-aux/missing --run autoheader'
AUTOMAKE='${SHELL} /opt/ginn-0.2.6/config-aux/missing --run automake-1.11'
AWK='gawk'
BAMF_CFLAGS='-DWNCK_I_KNOW_THIS_IS_UNSTABLE -pthread -I/usr/include/libbamf -I/usr/lib/x86_64-linux-gnu/libbamf/include -I/usr/include/startup-notification-1.0 -I/usr/include/gtk-2.0 -I/usr/lib/x86_64-linux-gnu/gtk-2.0/include -I/usr/include/gio-unix-2.0/ -I/usr/include/cairo -I/usr/include/pango-1.0 -I/usr/include/atk-1.0 -I/usr/include/cairo -I/usr/include/pixman-1 -I/usr/include/libpng12 -I/usr/include/gdk-pixbuf-2.0 -I/usr/include/libpng12 -I/usr/include/pango-1.0 -I/usr/include/harfbuzz -I/usr/include/pango-1.0 -I/usr/include/glib-2.0 -I/usr/lib/x86_64-linux-gnu/glib-2.0/include -I/usr/include/freetype2 -I/usr/include/libwnck-1.0'
BAMF_LIBS='-lbamf -lwnck-1 -lgtk-x11-2.0 -lgdk-x11-2.0 -lpangocairo-1.0 -latk-1.0 -lcairo -lgdk_pixbuf-2.0 -lgio-2.0 -lpangoft2-1.0 -lpango-1.0 -lgobject-2.0 -lglib-2.0 -lfontconfig -lfreetype'
CC='gcc'
CCDEPMODE='depmode=gcc3'
CFLAGS='-g -O2'
CPP='gcc -E'
CPPFLAGS=''
CYGPATH_W='echo'
DEFS='-DHAVE_CONFIG_H'
DEPDIR='.deps'
DLLTOOL='false'
DSYMUTIL=''
DUMPBIN=''
ECHO_C=''
ECHO_N='-n'
ECHO_T=''
EGREP='/bin/grep -E'
EXEEXT=''
FGREP='/bin/grep -F'
GEIS_CFLAGS=''
GEIS_LIBS='-lgeis'
GREP='/bin/grep'
INSTALL_DATA='${INSTALL} -m 644'
INSTALL_PROGRAM='${INSTALL}'
INSTALL_SCRIPT='${INSTALL}'
INSTALL_STRIP_PROGRAM='$(install_sh) -c -s'
LD='/usr/bin/ld -m elf_x86_64'
LDFLAGS=''
LIBOBJS=''
LIBS=''
LIBTOOL='$(SHELL) $(top_builddir)/libtool'
LIB_VERSION='1:0:0'
LIPO=''
LN_S='ln -s'
LTLIBOBJS=''
MAINT='#'
MAINTAINER_MODE_FALSE=''
MAINTAINER_MODE_TRUE='#'
MAKEINFO='${SHELL} /opt/ginn-0.2.6/config-aux/missing --run makeinfo'
MANIFEST_TOOL=':'
MKDIR_P='/bin/mkdir -p'
NM='/usr/bin/nm -B'
NMEDIT=''
OBJDUMP='objdump'
OBJEXT='o'
OTOOL64=''
OTOOL=''
PACKAGE='ginn'
PACKAGE_BUGREPORT=''
PACKAGE_NAME='Ginn'
PACKAGE_STRING='Ginn 0.2.6'
PACKAGE_TARNAME='ginn'
PACKAGE_URL=''
PACKAGE_VERSION='0.2.6'
PATH_SEPARATOR=':'
PKG_CONFIG='/usr/bin/pkg-config'
PKG_CONFIG_LIBDIR=''
PKG_CONFIG_PATH=''
RANLIB='ranlib'
SED='/bin/sed'
SET_MAKE=''
SHELL='/bin/bash'
STRIP='strip'
VERSION='0.2.6'
X11_CFLAGS=''
X11_LIBS='-lX11'
XML2_CFLAGS='-I/usr/include/libxml2'
XML2_LIBS='-lxml2'
XTST_CFLAGS=''
XTST_LIBS='-lXtst'
ac_ct_AR='ar'
ac_ct_CC='gcc'
ac_ct_DUMPBIN=''
am__EXEEXT_FALSE=''
am__EXEEXT_TRUE='#'
am__fastdepCC_FALSE='#'
am__fastdepCC_TRUE=''
am__include='include'
am__isrc=''
am__leading_dot='.'
am__nodep='_no'
am__quote=''
am__tar='$${TAR-tar} chof - "$$tardir"'
am__untar='$${TAR-tar} xf -'
bindir='${exec_prefix}/bin'
build='x86_64-unknown-linux-gnu'
build_alias=''
build_cpu='x86_64'
build_os='linux-gnu'
build_vendor='unknown'
datadir='${datarootdir}'
datarootdir='${prefix}/share'
docdir='${datarootdir}/doc/${PACKAGE_TARNAME}'
dvidir='${docdir}'
exec_prefix='${prefix}'
host='x86_64-unknown-linux-gnu'
host_alias=''
host_cpu='x86_64'
host_os='linux-gnu'
host_vendor='unknown'
htmldir='${docdir}'
includedir='${prefix}/include'
infodir='${datarootdir}/info'
install_sh='${SHELL} /opt/ginn-0.2.6/config-aux/install-sh'
libdir='${exec_prefix}/lib'
libexecdir='${exec_prefix}/libexec'
localedir='${datarootdir}/locale'
localstatedir='${prefix}/var'
mandir='${datarootdir}/man'
mkdir_p='/bin/mkdir -p'
oldincludedir='/usr/include'
pdfdir='${docdir}'
prefix='/usr/local'
program_transform_name='s,x,x,'
psdir='${docdir}'
sbindir='${exec_prefix}/sbin'
sharedstatedir='${prefix}/com'
sysconfdir='${prefix}/etc'
target_alias=''

## ----------- ##
## confdefs.h. ##
## ----------- ##

/* confdefs.h */
#define PACKAGE_NAME "Ginn"
#define PACKAGE_TARNAME "ginn"
#define PACKAGE_VERSION "0.2.6"
#define PACKAGE_STRING "Ginn 0.2.6"
#define PACKAGE_BUGREPORT ""
#define PACKAGE_URL ""
#define PACKAGE "ginn"
#define VERSION "0.2.6"
#define STDC_HEADERS 1
#define HAVE_SYS_TYPES_H 1
#define HAVE_SYS_STAT_H 1
#define HAVE_STDLIB_H 1
#define HAVE_STRING_H 1
#define HAVE_MEMORY_H 1
#define HAVE_STRINGS_H 1
#define HAVE_INTTYPES_H 1
#define HAVE_STDINT_H 1
#define HAVE_UNISTD_H 1
#define HAVE_DLFCN_H 1
#define LT_OBJDIR ".libs/"

configure: exit 0
